mode: set
github.com/MGajendra22/Fresh-Assignment/Day10/main.go:22.31,24.20 2 1
github.com/MGajendra22/Fresh-Assignment/Day10/main.go:24.20,27.3 2 1
github.com/MGajendra22/Fresh-Assignment/Day10/main.go:31.72,32.33 1 1
github.com/MGajendra22/Fresh-Assignment/Day10/main.go:32.33,35.3 2 1
github.com/MGajendra22/Fresh-Assignment/Day10/main.go:37.2,38.16 2 1
github.com/MGajendra22/Fresh-Assignment/Day10/main.go:38.16,41.3 2 1
github.com/MGajendra22/Fresh-Assignment/Day10/main.go:43.2,46.16 3 1
github.com/MGajendra22/Fresh-Assignment/Day10/main.go:46.16,49.3 2 1
github.com/MGajendra22/Fresh-Assignment/Day10/main.go:51.2,61.17 7 1
github.com/MGajendra22/Fresh-Assignment/Day10/main.go:61.17,64.3 2 1
github.com/MGajendra22/Fresh-Assignment/Day10/main.go:68.76,69.32 1 1
github.com/MGajendra22/Fresh-Assignment/Day10/main.go:69.32,72.3 2 1
github.com/MGajendra22/Fresh-Assignment/Day10/main.go:74.2,79.16 4 1
github.com/MGajendra22/Fresh-Assignment/Day10/main.go:79.16,82.3 2 1
github.com/MGajendra22/Fresh-Assignment/Day10/main.go:84.2,84.28 1 1
github.com/MGajendra22/Fresh-Assignment/Day10/main.go:84.28,85.17 1 1
github.com/MGajendra22/Fresh-Assignment/Day10/main.go:85.17,87.18 2 1
github.com/MGajendra22/Fresh-Assignment/Day10/main.go:87.18,90.5 2 0
github.com/MGajendra22/Fresh-Assignment/Day10/main.go:92.4,96.18 4 1
github.com/MGajendra22/Fresh-Assignment/Day10/main.go:96.18,99.4 2 1
github.com/MGajendra22/Fresh-Assignment/Day10/main.go:100.4,100.10 1 1
github.com/MGajendra22/Fresh-Assignment/Day10/main.go:103.2,103.54 1 1
github.com/MGajendra22/Fresh-Assignment/Day10/main.go:107.77,108.32 1 1
github.com/MGajendra22/Fresh-Assignment/Day10/main.go:108.32,111.3 2 1
github.com/MGajendra22/Fresh-Assignment/Day10/main.go:113.2,117.16 4 1
github.com/MGajendra22/Fresh-Assignment/Day10/main.go:117.16,120.3 2 1
github.com/MGajendra22/Fresh-Assignment/Day10/main.go:122.2,122.25 1 1
github.com/MGajendra22/Fresh-Assignment/Day10/main.go:122.25,123.26 1 1
github.com/MGajendra22/Fresh-Assignment/Day10/main.go:123.26,127.18 3 1
github.com/MGajendra22/Fresh-Assignment/Day10/main.go:127.18,130.5 2 0
github.com/MGajendra22/Fresh-Assignment/Day10/main.go:132.4,137.18 4 1
github.com/MGajendra22/Fresh-Assignment/Day10/main.go:137.18,140.5 2 1
github.com/MGajendra22/Fresh-Assignment/Day10/main.go:141.5,141.11 1 1
github.com/MGajendra22/Fresh-Assignment/Day10/main.go:144.2,144.54 1 1
github.com/MGajendra22/Fresh-Assignment/Day10/main.go:148.75,150.35 1 1
github.com/MGajendra22/Fresh-Assignment/Day10/main.go:150.35,153.3 2 1
github.com/MGajendra22/Fresh-Assignment/Day10/main.go:155.2,160.16 4 1
github.com/MGajendra22/Fresh-Assignment/Day10/main.go:160.16,163.3 2 1
github.com/MGajendra22/Fresh-Assignment/Day10/main.go:165.2,165.25 1 1
github.com/MGajendra22/Fresh-Assignment/Day10/main.go:165.25,167.26 1 1
github.com/MGajendra22/Fresh-Assignment/Day10/main.go:167.26,175.18 5 1
github.com/MGajendra22/Fresh-Assignment/Day10/main.go:175.18,178.4 2 1
github.com/MGajendra22/Fresh-Assignment/Day10/main.go:179.4,179.10 1 1
github.com/MGajendra22/Fresh-Assignment/Day10/main.go:181.2,181.54 1 1
github.com/MGajendra22/Fresh-Assignment/Day10/main.go:185.73,186.32 1 1
github.com/MGajendra22/Fresh-Assignment/Day10/main.go:186.32,189.3 2 1
github.com/MGajendra22/Fresh-Assignment/Day10/main.go:191.2,195.16 3 1
github.com/MGajendra22/Fresh-Assignment/Day10/main.go:195.16,198.3 2 0
github.com/MGajendra22/Fresh-Assignment/Day10/main.go:200.2,205.16 4 1
github.com/MGajendra22/Fresh-Assignment/Day10/main.go:205.16,208.3 2 1
github.com/MGajendra22/Fresh-Assignment/Day10/main.go:211.13,227.2 9 0
