mode: set
github.com/MGajendra22/Fresh-Assignment/Day10/main.go:27.72,28.33 1 1
github.com/MGajendra22/Fresh-Assignment/Day10/main.go:28.33,31.3 2 1
github.com/MGajendra22/Fresh-Assignment/Day10/main.go:33.2,35.16 3 1
github.com/MGajendra22/Fresh-Assignment/Day10/main.go:35.16,38.3 2 1
github.com/MGajendra22/Fresh-Assignment/Day10/main.go:40.2,41.49 2 1
github.com/MGajendra22/Fresh-Assignment/Day10/main.go:41.49,44.3 2 1
github.com/MGajendra22/Fresh-Assignment/Day10/main.go:47.2,47.18 1 1
github.com/MGajendra22/Fresh-Assignment/Day10/main.go:47.18,50.3 2 1
github.com/MGajendra22/Fresh-Assignment/Day10/main.go:52.2,53.16 2 1
github.com/MGajendra22/Fresh-Assignment/Day10/main.go:53.16,56.3 2 0
github.com/MGajendra22/Fresh-Assignment/Day10/main.go:58.2,64.15 6 1
github.com/MGajendra22/Fresh-Assignment/Day10/main.go:68.76,69.32 1 1
github.com/MGajendra22/Fresh-Assignment/Day10/main.go:69.32,72.3 2 1
github.com/MGajendra22/Fresh-Assignment/Day10/main.go:74.2,76.16 3 1
github.com/MGajendra22/Fresh-Assignment/Day10/main.go:76.16,79.3 2 1
github.com/MGajendra22/Fresh-Assignment/Day10/main.go:81.2,83.26 3 1
github.com/MGajendra22/Fresh-Assignment/Day10/main.go:83.26,86.3 2 1
github.com/MGajendra22/Fresh-Assignment/Day10/main.go:86.8,86.23 1 1
github.com/MGajendra22/Fresh-Assignment/Day10/main.go:86.23,89.3 2 0
github.com/MGajendra22/Fresh-Assignment/Day10/main.go:91.2,93.15 3 1
github.com/MGajendra22/Fresh-Assignment/Day10/main.go:97.77,98.32 1 1
github.com/MGajendra22/Fresh-Assignment/Day10/main.go:98.32,101.3 2 1
github.com/MGajendra22/Fresh-Assignment/Day10/main.go:103.2,105.16 3 1
github.com/MGajendra22/Fresh-Assignment/Day10/main.go:105.16,108.3 2 1
github.com/MGajendra22/Fresh-Assignment/Day10/main.go:110.2,111.16 2 1
github.com/MGajendra22/Fresh-Assignment/Day10/main.go:111.16,114.3 2 0
github.com/MGajendra22/Fresh-Assignment/Day10/main.go:116.2,117.19 2 1
github.com/MGajendra22/Fresh-Assignment/Day10/main.go:117.19,120.3 2 1
github.com/MGajendra22/Fresh-Assignment/Day10/main.go:122.2,123.64 2 1
github.com/MGajendra22/Fresh-Assignment/Day10/main.go:127.75,128.35 1 1
github.com/MGajendra22/Fresh-Assignment/Day10/main.go:128.35,131.3 2 1
github.com/MGajendra22/Fresh-Assignment/Day10/main.go:133.2,135.16 3 1
github.com/MGajendra22/Fresh-Assignment/Day10/main.go:135.16,138.3 2 1
github.com/MGajendra22/Fresh-Assignment/Day10/main.go:140.2,141.16 2 1
github.com/MGajendra22/Fresh-Assignment/Day10/main.go:141.16,144.3 2 0
github.com/MGajendra22/Fresh-Assignment/Day10/main.go:146.2,147.19 2 1
github.com/MGajendra22/Fresh-Assignment/Day10/main.go:147.19,150.3 2 1
github.com/MGajendra22/Fresh-Assignment/Day10/main.go:152.2,153.53 2 1
github.com/MGajendra22/Fresh-Assignment/Day10/main.go:157.73,158.32 1 1
github.com/MGajendra22/Fresh-Assignment/Day10/main.go:158.32,161.3 2 1
github.com/MGajendra22/Fresh-Assignment/Day10/main.go:163.2,164.16 2 1
github.com/MGajendra22/Fresh-Assignment/Day10/main.go:164.16,167.3 2 0
github.com/MGajendra22/Fresh-Assignment/Day10/main.go:168.2,171.18 3 1
github.com/MGajendra22/Fresh-Assignment/Day10/main.go:171.18,173.62 2 1
github.com/MGajendra22/Fresh-Assignment/Day10/main.go:173.62,176.4 2 0
github.com/MGajendra22/Fresh-Assignment/Day10/main.go:177.3,177.27 1 1
github.com/MGajendra22/Fresh-Assignment/Day10/main.go:180.2,182.15 3 1
github.com/MGajendra22/Fresh-Assignment/Day10/main.go:187.13,190.16 3 0
github.com/MGajendra22/Fresh-Assignment/Day10/main.go:190.16,192.3 1 0
github.com/MGajendra22/Fresh-Assignment/Day10/main.go:193.2,195.34 2 0
github.com/MGajendra22/Fresh-Assignment/Day10/main.go:195.34,197.3 1 0
github.com/MGajendra22/Fresh-Assignment/Day10/main.go:199.2,207.16 3 0
github.com/MGajendra22/Fresh-Assignment/Day10/main.go:207.16,209.3 1 0
github.com/MGajendra22/Fresh-Assignment/Day10/main.go:211.2,220.46 8 0
